This file contains any messages produced by compilers while
running configure, to aid debugging if configure makes a mistake.

It was created by qsiapi configure 7.2.0, which was
generated by GNU Autoconf 2.68.  Invocation command line was

  $ ./configure --disable-shared --enable-libftd2xx

## --------- ##
## Platform. ##
## --------- ##

hostname = Astro.local
uname -m = x86_64
uname -r = 18.6.0
uname -s = Darwin
uname -v = Darwin Kernel Version 18.6.0: Thu Apr 25 23:16:27 PDT 2019; root:xnu-4903.261.4~2/RELEASE_X86_64

/usr/bin/uname -p = i386
/bin/uname -X     = unknown

/bin/arch              = unknown
/usr/bin/arch -k       = unknown
/usr/convex/getsysinfo = unknown
/usr/bin/hostinfo      = Mach kernel version:
	 Darwin Kernel Version 18.6.0: Thu Apr 25 23:16:27 PDT 2019; root:xnu-4903.261.4~2/RELEASE_X86_64
Kernel configured for up to 8 processors.
4 processors are physically available.
8 processors are logically available.
Processor type: x86_64h (Intel x86-64h Haswell)
Processors active: 0 1 2 3 4 5 6 7
Primary memory available: 32.00 gigabytes
Default processor set: 527 tasks, 2511 threads, 8 processors
Load average: 1.54, Mach factor: 6.44
/bin/machine           = unknown
/usr/bin/oslevel       = unknown
/bin/universe          = unknown

PATH: /Users/stark/anaconda/bin
PATH: /Users/stark/anaconda/bin
PATH: /Users/stark/anaconda/bin
PATH: /Users/stark/anaconda/bin
PATH: /Users/stark/anaconda/bin
PATH: /Users/stark/anaconda/bin
PATH: /usr/bin
PATH: /bin
PATH: /usr/sbin
PATH: /sbin
PATH: /usr/local/bin
PATH: /usr/local/afni
PATH: /opt/X11/bin
PATH: /Users/stark/.rvm/bin


## ----------- ##
## Core tests. ##
## ----------- ##

configure:2373: checking for a BSD-compatible install
configure:2441: result: /usr/bin/install -c
configure:2452: checking whether build environment is sane
configure:2502: result: yes
configure:2643: checking for a thread-safe mkdir -p
configure:2682: result: /usr/local/bin/gmkdir -p
configure:2695: checking for gawk
configure:2725: result: no
configure:2695: checking for mawk
configure:2725: result: no
configure:2695: checking for nawk
configure:2725: result: no
configure:2695: checking for awk
configure:2711: found /usr/bin/awk
configure:2722: result: awk
configure:2733: checking whether make sets $(MAKE)
configure:2755: result: yes
configure:2894: checking for g++
configure:2910: found /usr/bin/g++
configure:2921: result: g++
configure:2948: checking for C++ compiler version
configure:2957: g++ --version >&5
Apple LLVM version 10.0.1 (clang-1001.0.46.4)
Target: x86_64-apple-darwin18.6.0
Thread model: posix
InstalledDir: /Applications/Xcode.app/Contents/Developer/Toolchains/XcodeDefault.xctoolchain/usr/bin
Configured with: --prefix=/Applications/Xcode.app/Contents/Developer/usr --with-gxx-include-dir=/Applications/Xcode.app/Contents/Developer/Platforms/MacOSX.platform/Developer/SDKs/MacOSX10.14.sdk/usr/include/c++/4.2.1
configure:2968: $? = 0
configure:2957: g++ -v >&5
Configured with: --prefix=/Applications/Xcode.app/Contents/Developer/usr --with-gxx-include-dir=/Applications/Xcode.app/Contents/Developer/Platforms/MacOSX.platform/Developer/SDKs/MacOSX10.14.sdk/usr/include/c++/4.2.1
Apple LLVM version 10.0.1 (clang-1001.0.46.4)
Target: x86_64-apple-darwin18.6.0
Thread model: posix
InstalledDir: /Applications/Xcode.app/Contents/Developer/Toolchains/XcodeDefault.xctoolchain/usr/bin
configure:2968: $? = 0
configure:2957: g++ -V >&5
clang: error: unsupported option '-V -Wno-atomic-implicit-seq-cst'
clang: error: no input files
configure:2968: $? = 1
configure:2957: g++ -qversion >&5
clang: error: unknown argument '-qversion', did you mean '--version'?
clang: error: no input files
configure:2968: $? = 1
configure:2988: checking whether the C++ compiler works
configure:3010: g++   -I/opt/local/include -I./lib -I../lib  -mmacosx-version-min=10.11 -L/opt/local/lib  conftest.cpp  >&5
configure:3014: $? = 0
configure:3062: result: yes
configure:3065: checking for C++ compiler default output file name
configure:3067: result: a.out
configure:3073: checking for suffix of executables
configure:3080: g++ -o conftest   -I/opt/local/include -I./lib -I../lib  -mmacosx-version-min=10.11 -L/opt/local/lib  conftest.cpp  >&5
configure:3084: $? = 0
configure:3106: result: 
configure:3128: checking whether we are cross compiling
configure:3136: g++ -o conftest   -I/opt/local/include -I./lib -I../lib  -mmacosx-version-min=10.11 -L/opt/local/lib  conftest.cpp  >&5
configure:3140: $? = 0
configure:3147: ./conftest
configure:3151: $? = 0
configure:3166: result: no
configure:3171: checking for suffix of object files
configure:3193: g++ -c   -I/opt/local/include -I./lib -I../lib  -mmacosx-version-min=10.11 conftest.cpp >&5
configure:3197: $? = 0
configure:3218: result: o
configure:3222: checking whether we are using the GNU C++ compiler
configure:3241: g++ -c   -I/opt/local/include -I./lib -I../lib  -mmacosx-version-min=10.11 conftest.cpp >&5
configure:3241: $? = 0
configure:3250: result: yes
configure:3259: checking whether g++ accepts -g
configure:3279: g++ -c -g  -I/opt/local/include -I./lib -I../lib  -mmacosx-version-min=10.11 conftest.cpp >&5
configure:3279: $? = 0
configure:3320: result: yes
configure:3354: checking for style of include used by make
configure:3382: result: GNU
configure:3408: checking dependency style of g++
configure:3519: result: gcc3
configure:3590: checking for ar
configure:3606: found /usr/bin/ar
configure:3617: result: ar
configure:3643: checking the archiver (ar) interface
configure:3653: g++ -c -g -O2  -I/opt/local/include -I./lib -I../lib  -mmacosx-version-min=10.11 conftest.cpp >&5
configure:3653: $? = 0
configure:3655: ar cru libconftest.a conftest.o >&5
configure:3658: $? = 0
configure:3681: result: ar
configure:3707: checking how to run the C++ preprocessor
configure:3734: g++ -E  -I/opt/local/include -I./lib -I../lib  -mmacosx-version-min=10.11 conftest.cpp
configure:3734: $? = 0
configure:3748: g++ -E  -I/opt/local/include -I./lib -I../lib  -mmacosx-version-min=10.11 conftest.cpp
conftest.cpp:11:10: fatal error: 'ac_nonexistent.h' file not found
#include <ac_nonexistent.h>
         ^~~~~~~~~~~~~~~~~~
1 error generated.
configure:3748: $? = 1
configure: failed program was:
| /* confdefs.h */
| #define PACKAGE_NAME "qsiapi"
| #define PACKAGE_TARNAME "qsiapi"
| #define PACKAGE_VERSION "7.2.0"
| #define PACKAGE_STRING "qsiapi 7.2.0"
| #define PACKAGE_BUGREPORT "support@qsimaging.com"
| #define PACKAGE_URL "www.qsimaging.com"
| #define PACKAGE "qsiapi"
| #define VERSION "7.2.0"
| /* end confdefs.h.  */
| #include <ac_nonexistent.h>
configure:3773: result: g++ -E
configure:3793: g++ -E  -I/opt/local/include -I./lib -I../lib  -mmacosx-version-min=10.11 conftest.cpp
configure:3793: $? = 0
configure:3807: g++ -E  -I/opt/local/include -I./lib -I../lib  -mmacosx-version-min=10.11 conftest.cpp
conftest.cpp:11:10: fatal error: 'ac_nonexistent.h' file not found
#include <ac_nonexistent.h>
         ^~~~~~~~~~~~~~~~~~
1 error generated.
configure:3807: $? = 1
configure: failed program was:
| /* confdefs.h */
| #define PACKAGE_NAME "qsiapi"
| #define PACKAGE_TARNAME "qsiapi"
| #define PACKAGE_VERSION "7.2.0"
| #define PACKAGE_STRING "qsiapi 7.2.0"
| #define PACKAGE_BUGREPORT "support@qsimaging.com"
| #define PACKAGE_URL "www.qsimaging.com"
| #define PACKAGE "qsiapi"
| #define VERSION "7.2.0"
| /* end confdefs.h.  */
| #include <ac_nonexistent.h>
configure:3836: checking for grep that handles long lines and -e
configure:3894: result: /usr/bin/grep
configure:3899: checking for egrep
configure:3961: result: /usr/bin/grep -E
configure:3966: checking for ANSI C header files
configure:3986: g++ -c -g -O2  -I/opt/local/include -I./lib -I../lib  -mmacosx-version-min=10.11 conftest.cpp >&5
configure:3986: $? = 0
configure:4059: g++ -o conftest -g -O2  -I/opt/local/include -I./lib -I../lib  -mmacosx-version-min=10.11 -L/opt/local/lib  conftest.cpp  >&5
configure:4059: $? = 0
configure:4059: ./conftest
configure:4059: $? = 0
configure:4070: result: yes
configure:4083: checking for sys/types.h
configure:4083: g++ -c -g -O2  -I/opt/local/include -I./lib -I../lib  -mmacosx-version-min=10.11 conftest.cpp >&5
configure:4083: $? = 0
configure:4083: result: yes
configure:4083: checking for sys/stat.h
configure:4083: g++ -c -g -O2  -I/opt/local/include -I./lib -I../lib  -mmacosx-version-min=10.11 conftest.cpp >&5
configure:4083: $? = 0
configure:4083: result: yes
configure:4083: checking for stdlib.h
configure:4083: g++ -c -g -O2  -I/opt/local/include -I./lib -I../lib  -mmacosx-version-min=10.11 conftest.cpp >&5
configure:4083: $? = 0
configure:4083: result: yes
configure:4083: checking for string.h
configure:4083: g++ -c -g -O2  -I/opt/local/include -I./lib -I../lib  -mmacosx-version-min=10.11 conftest.cpp >&5
configure:4083: $? = 0
configure:4083: result: yes
configure:4083: checking for memory.h
configure:4083: g++ -c -g -O2  -I/opt/local/include -I./lib -I../lib  -mmacosx-version-min=10.11 conftest.cpp >&5
configure:4083: $? = 0
configure:4083: result: yes
configure:4083: checking for strings.h
configure:4083: g++ -c -g -O2  -I/opt/local/include -I./lib -I../lib  -mmacosx-version-min=10.11 conftest.cpp >&5
configure:4083: $? = 0
configure:4083: result: yes
configure:4083: checking for inttypes.h
configure:4083: g++ -c -g -O2  -I/opt/local/include -I./lib -I../lib  -mmacosx-version-min=10.11 conftest.cpp >&5
configure:4083: $? = 0
configure:4083: result: yes
configure:4083: checking for stdint.h
configure:4083: g++ -c -g -O2  -I/opt/local/include -I./lib -I../lib  -mmacosx-version-min=10.11 conftest.cpp >&5
configure:4083: $? = 0
configure:4083: result: yes
configure:4083: checking for unistd.h
configure:4083: g++ -c -g -O2  -I/opt/local/include -I./lib -I../lib  -mmacosx-version-min=10.11 conftest.cpp >&5
configure:4083: $? = 0
configure:4083: result: yes
configure:4098: checking tiff.h usability
configure:4098: g++ -c -g -O2  -I/opt/local/include -I./lib -I../lib  -mmacosx-version-min=10.11 conftest.cpp >&5
configure:4098: $? = 0
configure:4098: result: yes
configure:4098: checking tiff.h presence
configure:4098: g++ -E  -I/opt/local/include -I./lib -I../lib  -mmacosx-version-min=10.11 conftest.cpp
configure:4098: $? = 0
configure:4098: result: yes
configure:4098: checking for tiff.h
configure:4098: result: yes
configure:4098: checking tiffio.h usability
configure:4098: g++ -c -g -O2  -I/opt/local/include -I./lib -I../lib  -mmacosx-version-min=10.11 conftest.cpp >&5
configure:4098: $? = 0
configure:4098: result: yes
configure:4098: checking tiffio.h presence
configure:4098: g++ -E  -I/opt/local/include -I./lib -I../lib  -mmacosx-version-min=10.11 conftest.cpp
configure:4098: $? = 0
configure:4098: result: yes
configure:4098: checking for tiffio.h
configure:4098: result: yes
configure:4108: checking for TIFFOpen in -ltiff
configure:4133: g++ -o conftest -g -O2  -I/opt/local/include -I./lib -I../lib  -mmacosx-version-min=10.11 -L/opt/local/lib  conftest.cpp -ltiff   >&5
configure:4133: $? = 0
configure:4142: result: yes
configure:4198: checking build system type
configure:4212: result: x86_64-apple-darwin18.6.0
configure:4232: checking host system type
configure:4245: result: x86_64-apple-darwin18.6.0
configure:4286: checking how to print strings
configure:4313: result: printf
configure:4382: checking for gcc
configure:4398: found /usr/bin/gcc
configure:4409: result: gcc
configure:4638: checking for C compiler version
configure:4647: gcc --version >&5
Apple LLVM version 10.0.1 (clang-1001.0.46.4)
Target: x86_64-apple-darwin18.6.0
Thread model: posix
InstalledDir: /Applications/Xcode.app/Contents/Developer/Toolchains/XcodeDefault.xctoolchain/usr/bin
Configured with: --prefix=/Applications/Xcode.app/Contents/Developer/usr --with-gxx-include-dir=/Applications/Xcode.app/Contents/Developer/Platforms/MacOSX.platform/Developer/SDKs/MacOSX10.14.sdk/usr/include/c++/4.2.1
configure:4658: $? = 0
configure:4647: gcc -v >&5
Configured with: --prefix=/Applications/Xcode.app/Contents/Developer/usr --with-gxx-include-dir=/Applications/Xcode.app/Contents/Developer/Platforms/MacOSX.platform/Developer/SDKs/MacOSX10.14.sdk/usr/include/c++/4.2.1
Apple LLVM version 10.0.1 (clang-1001.0.46.4)
Target: x86_64-apple-darwin18.6.0
Thread model: posix
InstalledDir: /Applications/Xcode.app/Contents/Developer/Toolchains/XcodeDefault.xctoolchain/usr/bin
configure:4658: $? = 0
configure:4647: gcc -V >&5
clang: error: unsupported option '-V -Wno-atomic-implicit-seq-cst'
clang: error: no input files
configure:4658: $? = 1
configure:4647: gcc -qversion >&5
clang: error: unknown argument '-qversion', did you mean '--version'?
clang: error: no input files
configure:4658: $? = 1
configure:4662: checking whether we are using the GNU C compiler
configure:4681: gcc -c   -I/opt/local/include -I./lib -I../lib  -mmacosx-version-min=10.11 conftest.c >&5
configure:4681: $? = 0
configure:4690: result: yes
configure:4699: checking whether gcc accepts -g
configure:4719: gcc -c -g  -I/opt/local/include -I./lib -I../lib  -mmacosx-version-min=10.11 conftest.c >&5
configure:4719: $? = 0
configure:4760: result: yes
configure:4777: checking for gcc option to accept ISO C89
configure:4841: gcc  -c -g -O2  -I/opt/local/include -I./lib -I../lib  -mmacosx-version-min=10.11 conftest.c >&5
configure:4841: $? = 0
configure:4854: result: none needed
configure:4876: checking dependency style of gcc
configure:4987: result: gcc3
configure:5002: checking for a sed that does not truncate output
configure:5066: result: /usr/bin/sed
configure:5084: checking for fgrep
configure:5146: result: /usr/bin/grep -F
configure:5181: checking for ld used by gcc
configure:5248: result: /Applications/Xcode.app/Contents/Developer/Toolchains/XcodeDefault.xctoolchain/usr/bin/ld
configure:5255: checking if the linker (/Applications/Xcode.app/Contents/Developer/Toolchains/XcodeDefault.xctoolchain/usr/bin/ld) is GNU ld
configure:5270: result: no
configure:5282: checking for BSD- or MS-compatible name lister (nm)
configure:5331: result: /usr/bin/nm -B
configure:5461: checking the name lister (/usr/bin/nm -B) interface
configure:5468: g++ -c -g -O2  -I/opt/local/include -I./lib -I../lib  -mmacosx-version-min=10.11 conftest.cpp >&5
configure:5471: /usr/bin/nm -B "conftest.o"
configure:5474: output
00000000000001d0 S _some_variable
configure:5481: result: BSD nm
configure:5484: checking whether ln -s works
configure:5488: result: yes
configure:5496: checking the maximum length of command line arguments
configure:5626: result: 196608
configure:5643: checking whether the shell understands some XSI constructs
configure:5653: result: yes
configure:5657: checking whether the shell understands "+="
configure:5663: result: yes
configure:5698: checking how to convert x86_64-apple-darwin18.6.0 file names to x86_64-apple-darwin18.6.0 format
configure:5738: result: func_convert_file_noop
configure:5745: checking how to convert x86_64-apple-darwin18.6.0 file names to toolchain format
configure:5765: result: func_convert_file_noop
configure:5772: checking for /Applications/Xcode.app/Contents/Developer/Toolchains/XcodeDefault.xctoolchain/usr/bin/ld option to reload object files
configure:5779: result: -r
configure:5853: checking for objdump
configure:5869: found /usr/bin/objdump
configure:5880: result: objdump
configure:5912: checking how to recognize dependent libraries
configure:6114: result: pass_all
configure:6199: checking for dlltool
configure:6229: result: no
configure:6259: checking how to associate runtime and link libraries
configure:6286: result: printf %s\n
configure:6410: checking for archiver @FILE support
configure:6427: g++ -c -g -O2  -I/opt/local/include -I./lib -I../lib  -mmacosx-version-min=10.11 conftest.cpp >&5
configure:6427: $? = 0
configure:6430: ar cru libconftest.a @conftest.lst >&5
ar: @conftest.lst: No such file or directory
configure:6433: $? = 1
configure:6453: result: no
configure:6511: checking for strip
configure:6527: found /usr/bin/strip
configure:6538: result: strip
configure:6610: checking for ranlib
configure:6626: found /usr/bin/ranlib
configure:6637: result: ranlib
configure:6739: checking command to parse /usr/bin/nm -B output from gcc object
configure:6859: g++ -c -g -O2  -I/opt/local/include -I./lib -I../lib  -mmacosx-version-min=10.11 conftest.cpp >&5
configure:6862: $? = 0
configure:6866: /usr/bin/nm -B conftest.o \| sed -n -e 's/^.*[ ]\([BCDEGRST][BCDEGRST]*\)[ ][ ]*\([_A-Za-z][_A-Za-z0-9]*\)$/\1 \2 \2/p' | sed '/ __gnu_lto/d' \> conftest.nm
configure:6869: $? = 0
cannot find nm_test_var in conftest.nm
configure:6859: g++ -c -g -O2  -I/opt/local/include -I./lib -I../lib  -mmacosx-version-min=10.11 conftest.cpp >&5
configure:6862: $? = 0
configure:6866: /usr/bin/nm -B conftest.o \| sed -n -e 's/^.*[ ]\([BCDEGRST][BCDEGRST]*\)[ ][ ]*_\([_A-Za-z][_A-Za-z0-9]*\)$/\1 _\2 \2/p' | sed '/ __gnu_lto/d' \> conftest.nm
configure:6869: $? = 0
configure:6935: g++ -o conftest -g -O2  -I/opt/local/include -I./lib -I../lib  -mmacosx-version-min=10.11 -L/opt/local/lib  conftest.cpp conftstm.o >&5
configure:6938: $? = 0
configure:6976: result: ok
configure:7013: checking for sysroot
configure:7043: result: no
configure:7300: checking for mt
configure:7330: result: no
configure:7350: checking if : is a manifest tool
configure:7356: : '-?'
configure:7364: result: no
configure:7420: checking for dsymutil
configure:7436: found /usr/bin/dsymutil
configure:7447: result: dsymutil
configure:7512: checking for nmedit
configure:7528: found /usr/bin/nmedit
configure:7539: result: nmedit
configure:7604: checking for lipo
configure:7620: found /usr/bin/lipo
configure:7631: result: lipo
configure:7696: checking for otool
configure:7712: found /usr/bin/otool
configure:7723: result: otool
configure:7788: checking for otool64
configure:7818: result: no
configure:7863: checking for -single_module linker flag
gcc -g -O2 -L/opt/local/lib  -o libconftest.dylib -dynamiclib -Wl,-single_module conftest.c
configure:7896: result: yes
configure:7899: checking for -exported_symbols_list linker flag
configure:7919: g++ -o conftest -g -O2  -I/opt/local/include -I./lib -I../lib  -mmacosx-version-min=10.11 -L/opt/local/lib  -Wl,-exported_symbols_list,conftest.sym conftest.cpp -ltiff  >&5
configure:7919: $? = 0
configure:7929: result: yes
configure:7932: checking for -force_load linker flag
gcc -g -O2 -c -o conftest.o conftest.c
ar cru libconftest.a conftest.o
ranlib libconftest.a
gcc -g -O2 -L/opt/local/lib  -o conftest conftest.c -Wl,-force_load,./libconftest.a
configure:7964: result: yes
configure:8003: checking for dlfcn.h
configure:8003: g++ -c -g -O2  -I/opt/local/include -I./lib -I../lib  -mmacosx-version-min=10.11 conftest.cpp >&5
configure:8003: $? = 0
configure:8003: result: yes
configure:8219: checking for objdir
configure:8234: result: .libs
configure:8505: checking if gcc supports -fno-rtti -fno-exceptions
configure:8523: gcc -c -g -O2  -I/opt/local/include -I./lib -I../lib  -mmacosx-version-min=10.11 -fno-rtti -fno-exceptions conftest.c >&5
configure:8527: $? = 0
configure:8540: result: yes
configure:8867: checking for gcc option to produce PIC
configure:8874: result: -fno-common -DPIC
configure:8882: checking if gcc PIC flag -fno-common -DPIC works
configure:8900: gcc -c -g -O2  -I/opt/local/include -I./lib -I../lib  -mmacosx-version-min=10.11 -fno-common -DPIC -DPIC conftest.c >&5
configure:8904: $? = 0
configure:8917: result: yes
configure:8946: checking if gcc static flag -static works
configure:8974: result: no
configure:8989: checking if gcc supports -c -o file.o
configure:9010: gcc -c -g -O2  -I/opt/local/include -I./lib -I../lib  -mmacosx-version-min=10.11 -o out/conftest2.o conftest.c >&5
configure:9014: $? = 0
configure:9036: result: yes
configure:9044: checking if gcc supports -c -o file.o
configure:9091: result: yes
configure:9124: checking whether the gcc linker (/Applications/Xcode.app/Contents/Developer/Toolchains/XcodeDefault.xctoolchain/usr/bin/ld) supports shared libraries
configure:10277: result: yes
configure:10517: checking dynamic linker characteristics
configure:11254: result: darwin18.6.0 dyld
configure:11361: checking how to hardcode library paths into programs
configure:11386: result: immediate
configure:11926: checking whether stripping libraries is possible
configure:11940: result: yes
configure:11966: checking if libtool supports shared libraries
configure:11968: result: yes
configure:11971: checking whether to build shared libraries
configure:11992: result: no
configure:11995: checking whether to build static libraries
configure:11999: result: yes
configure:12022: checking how to run the C++ preprocessor
configure:12088: result: g++ -E
configure:12108: g++ -E  -I/opt/local/include -I./lib -I../lib  -mmacosx-version-min=10.11 conftest.cpp
configure:12108: $? = 0
configure:12122: g++ -E  -I/opt/local/include -I./lib -I../lib  -mmacosx-version-min=10.11 conftest.cpp
conftest.cpp:26:10: fatal error: 'ac_nonexistent.h' file not found
#include <ac_nonexistent.h>
         ^~~~~~~~~~~~~~~~~~
1 error generated.
configure:12122: $? = 1
configure: failed program was:
| /* confdefs.h */
| #define PACKAGE_NAME "qsiapi"
| #define PACKAGE_TARNAME "qsiapi"
| #define PACKAGE_VERSION "7.2.0"
| #define PACKAGE_STRING "qsiapi 7.2.0"
| #define PACKAGE_BUGREPORT "support@qsimaging.com"
| #define PACKAGE_URL "www.qsimaging.com"
| #define PACKAGE "qsiapi"
| #define VERSION "7.2.0"
| #define STDC_HEADERS 1
| #define HAVE_SYS_TYPES_H 1
| #define HAVE_SYS_STAT_H 1
| #define HAVE_STDLIB_H 1
| #define HAVE_STRING_H 1
| #define HAVE_MEMORY_H 1
| #define HAVE_STRINGS_H 1
| #define HAVE_INTTYPES_H 1
| #define HAVE_STDINT_H 1
| #define HAVE_UNISTD_H 1
| #define HAVE_TIFF_H 1
| #define HAVE_TIFFIO_H 1
| #define HAVE_LIBTIFF 1
| #define HAVE_DLFCN_H 1
| #define LT_OBJDIR ".libs/"
| /* end confdefs.h.  */
| #include <ac_nonexistent.h>
configure:12291: checking for ld used by g++
configure:12358: result: /Applications/Xcode.app/Contents/Developer/Toolchains/XcodeDefault.xctoolchain/usr/bin/ld
configure:12365: checking if the linker (/Applications/Xcode.app/Contents/Developer/Toolchains/XcodeDefault.xctoolchain/usr/bin/ld) is GNU ld
configure:12380: result: no
configure:12435: checking whether the g++ linker (/Applications/Xcode.app/Contents/Developer/Toolchains/XcodeDefault.xctoolchain/usr/bin/ld) supports shared libraries
configure:13440: result: yes
configure:13476: g++ -c -g -O2  -I/opt/local/include -I./lib -I../lib  -mmacosx-version-min=10.11 conftest.cpp >&5
configure:13479: $? = 0
configure:13999: checking for g++ option to produce PIC
configure:14006: result: -fno-common -DPIC
configure:14014: checking if g++ PIC flag -fno-common -DPIC works
configure:14032: g++ -c -g -O2  -I/opt/local/include -I./lib -I../lib  -mmacosx-version-min=10.11 -fno-common -DPIC -DPIC conftest.cpp >&5
configure:14036: $? = 0
configure:14049: result: yes
configure:14072: checking if g++ static flag -static works
configure:14100: result: no
configure:14112: checking if g++ supports -c -o file.o
configure:14133: g++ -c -g -O2  -I/opt/local/include -I./lib -I../lib  -mmacosx-version-min=10.11 -o out/conftest2.o conftest.cpp >&5
configure:14137: $? = 0
configure:14159: result: yes
configure:14164: checking if g++ supports -c -o file.o
configure:14211: result: yes
configure:14241: checking whether the g++ linker (/Applications/Xcode.app/Contents/Developer/Toolchains/XcodeDefault.xctoolchain/usr/bin/ld) supports shared libraries
configure:14277: result: yes
configure:14418: checking dynamic linker characteristics
configure:15089: result: darwin18.6.0 dyld
configure:15142: checking how to hardcode library paths into programs
configure:15167: result: immediate
configure:15243: checking if libftd2xx support is enabled
configure:15246: result: yes
configure:15269: checking if libftdi support is enabled
configure:15277: result: no
configure:15465: creating ./config.status

## ---------------------- ##
## Running config.status. ##
## ---------------------- ##

This file was extended by qsiapi config.status 7.2.0, which was
generated by GNU Autoconf 2.68.  Invocation command line was

  CONFIG_FILES    = 
  CONFIG_HEADERS  = 
  CONFIG_LINKS    = 
  CONFIG_COMMANDS = 
  $ ./config.status 

on Astro.local

config.status:1167: creating libqsiapi-config
config.status:1167: creating Makefile
config.status:1167: creating doc/Makefile
config.status:1167: creating lib/Makefile
config.status:1167: creating src/Makefile
config.status:1167: creating demo_src/Makefile
config.status:1167: creating config.h
config.status:1396: executing depfiles commands
config.status:1396: executing libtool commands
config.status:1396: executing default commands

## ---------------- ##
## Cache variables. ##
## ---------------- ##

ac_cv_build=x86_64-apple-darwin18.6.0
ac_cv_c_compiler_gnu=yes
ac_cv_cxx_compiler_gnu=yes
ac_cv_env_CCC_set=
ac_cv_env_CCC_value=
ac_cv_env_CC_set=
ac_cv_env_CC_value=
ac_cv_env_CFLAGS_set=
ac_cv_env_CFLAGS_value=
ac_cv_env_CPPFLAGS_set=set
ac_cv_env_CPPFLAGS_value=' -I/opt/local/include -I./lib -I../lib  -mmacosx-version-min=10.11'
ac_cv_env_CXXCPP_set=
ac_cv_env_CXXCPP_value=
ac_cv_env_CXXFLAGS_set=
ac_cv_env_CXXFLAGS_value=
ac_cv_env_CXX_set=
ac_cv_env_CXX_value=
ac_cv_env_LDFLAGS_set=set
ac_cv_env_LDFLAGS_value='-L/opt/local/lib '
ac_cv_env_LIBS_set=
ac_cv_env_LIBS_value=
ac_cv_env_build_alias_set=
ac_cv_env_build_alias_value=
ac_cv_env_host_alias_set=
ac_cv_env_host_alias_value=
ac_cv_env_target_alias_set=
ac_cv_env_target_alias_value=
ac_cv_header_dlfcn_h=yes
ac_cv_header_inttypes_h=yes
ac_cv_header_memory_h=yes
ac_cv_header_stdc=yes
ac_cv_header_stdint_h=yes
ac_cv_header_stdlib_h=yes
ac_cv_header_string_h=yes
ac_cv_header_strings_h=yes
ac_cv_header_sys_stat_h=yes
ac_cv_header_sys_types_h=yes
ac_cv_header_tiff_h=yes
ac_cv_header_tiffio_h=yes
ac_cv_header_unistd_h=yes
ac_cv_host=x86_64-apple-darwin18.6.0
ac_cv_lib_tiff_TIFFOpen=yes
ac_cv_objext=o
ac_cv_path_EGREP='/usr/bin/grep -E'
ac_cv_path_FGREP='/usr/bin/grep -F'
ac_cv_path_GREP=/usr/bin/grep
ac_cv_path_SED=/usr/bin/sed
ac_cv_path_install='/usr/bin/install -c'
ac_cv_path_mkdir=/usr/local/bin/gmkdir
ac_cv_prog_AWK=awk
ac_cv_prog_CXXCPP='g++ -E'
ac_cv_prog_ac_ct_AR=ar
ac_cv_prog_ac_ct_CC=gcc
ac_cv_prog_ac_ct_CXX=g++
ac_cv_prog_ac_ct_DSYMUTIL=dsymutil
ac_cv_prog_ac_ct_LIPO=lipo
ac_cv_prog_ac_ct_NMEDIT=nmedit
ac_cv_prog_ac_ct_OBJDUMP=objdump
ac_cv_prog_ac_ct_OTOOL=otool
ac_cv_prog_ac_ct_RANLIB=ranlib
ac_cv_prog_ac_ct_STRIP=strip
ac_cv_prog_cc_c89=
ac_cv_prog_cc_g=yes
ac_cv_prog_cxx_g=yes
ac_cv_prog_make_make_set=yes
am_cv_CC_dependencies_compiler_type=gcc3
am_cv_CXX_dependencies_compiler_type=gcc3
am_cv_ar_interface=ar
lt_cv_apple_cc_single_mod=yes
lt_cv_ar_at_file=no
lt_cv_deplibs_check_method=pass_all
lt_cv_file_magic_cmd='$MAGIC_CMD'
lt_cv_file_magic_test_file=
lt_cv_ld_exported_symbols_list=yes
lt_cv_ld_force_load=yes
lt_cv_ld_reload_flag=-r
lt_cv_nm_interface='BSD nm'
lt_cv_objdir=.libs
lt_cv_path_LD=/Applications/Xcode.app/Contents/Developer/Toolchains/XcodeDefault.xctoolchain/usr/bin/ld
lt_cv_path_LDCXX=/Applications/Xcode.app/Contents/Developer/Toolchains/XcodeDefault.xctoolchain/usr/bin/ld
lt_cv_path_NM='/usr/bin/nm -B'
lt_cv_path_mainfest_tool=no
lt_cv_prog_compiler_c_o=yes
lt_cv_prog_compiler_c_o_CXX=yes
lt_cv_prog_compiler_pic='-fno-common -DPIC'
lt_cv_prog_compiler_pic_CXX='-fno-common -DPIC'
lt_cv_prog_compiler_pic_works=yes
lt_cv_prog_compiler_pic_works_CXX=yes
lt_cv_prog_compiler_rtti_exceptions=yes
lt_cv_prog_compiler_static_works=no
lt_cv_prog_compiler_static_works_CXX=no
lt_cv_prog_gnu_ld=no
lt_cv_prog_gnu_ldcxx=no
lt_cv_sharedlib_from_linklib_cmd='printf %s\n'
lt_cv_sys_global_symbol_pipe='sed -n -e '\''s/^.*[	 ]\([BCDEGRST][BCDEGRST]*\)[	 ][	 ]*_\([_A-Za-z][_A-Za-z0-9]*\)$/\1 _\2 \2/p'\'' | sed '\''/ __gnu_lto/d'\'''
lt_cv_sys_global_symbol_to_c_name_address='sed -n -e '\''s/^: \([^ ]*\)[ ]*$/  {\"\1\", (void *) 0},/p'\'' -e '\''s/^[BCDEGRST]* \([^ ]*\) \([^ ]*\)$/  {"\2", (void *) \&\2},/p'\'''
lt_cv_sys_global_symbol_to_c_name_address_lib_prefix='sed -n -e '\''s/^: \([^ ]*\)[ ]*$/  {\"\1\", (void *) 0},/p'\'' -e '\''s/^[BCDEGRST]* \([^ ]*\) \(lib[^ ]*\)$/  {"\2", (void *) \&\2},/p'\'' -e '\''s/^[BCDEGRST]* \([^ ]*\) \([^ ]*\)$/  {"lib\2", (void *) \&\2},/p'\'''
lt_cv_sys_global_symbol_to_cdecl='sed -n -e '\''s/^T .* \(.*\)$/extern int \1();/p'\'' -e '\''s/^[BCDEGRST]* .* \(.*\)$/extern char \1;/p'\'''
lt_cv_sys_max_cmd_len=196608
lt_cv_to_host_file_cmd=func_convert_file_noop
lt_cv_to_tool_file_cmd=func_convert_file_noop

## ----------------- ##
## Output variables. ##
## ----------------- ##

ACLOCAL='${SHELL} /Users/stark/dev/qsiapi-7.2.0/build-aux/missing --run aclocal-1.11'
AMDEPBACKSLASH='\'
AMDEP_FALSE='#'
AMDEP_TRUE=''
AMTAR='$${TAR-tar}'
AR='ar'
AUTOCONF='${SHELL} /Users/stark/dev/qsiapi-7.2.0/build-aux/missing --run autoconf'
AUTOHEADER='${SHELL} /Users/stark/dev/qsiapi-7.2.0/build-aux/missing --run autoheader'
AUTOMAKE='${SHELL} /Users/stark/dev/qsiapi-7.2.0/build-aux/missing --run automake-1.11'
AWK='awk'
CC='gcc'
CCDEPMODE='depmode=gcc3'
CFLAGS='-g -O2'
CPPFLAGS=' -I/opt/local/include -I./lib -I../lib  -mmacosx-version-min=10.11'
CXX='g++'
CXXCPP='g++ -E'
CXXDEPMODE='depmode=gcc3'
CXXFLAGS='-g -O2'
CYGPATH_W='echo'
DEFS='-DHAVE_CONFIG_H'
DEPDIR='.deps'
DLLTOOL='false'
DSYMUTIL='dsymutil'
DUMPBIN=''
ECHO_C='\c'
ECHO_N=''
ECHO_T=''
EGREP='/usr/bin/grep -E'
ENABLE_DEMO_FALSE=''
ENABLE_DEMO_TRUE='#'
ENABLE_LIBFTD2XX_FALSE='#'
ENABLE_LIBFTD2XX_TRUE=''
ENABLE_LIBFTDI_FALSE=''
ENABLE_LIBFTDI_TRUE='#'
EXEEXT=''
FGREP='/usr/bin/grep -F'
FTD2XX_CFLAGS='-I/usr/local/include'
FTD2XX_LIBS='-L/usr/local/lib -lftd2xx'
FTDI_CFLAGS=''
FTDI_LIBS=''
GREP='/usr/bin/grep'
INSTALL_DATA='${INSTALL} -m 644'
INSTALL_PROGRAM='${INSTALL}'
INSTALL_SCRIPT='${INSTALL}'
INSTALL_STRIP_PROGRAM='$(install_sh) -c -s'
LD='/Applications/Xcode.app/Contents/Developer/Toolchains/XcodeDefault.xctoolchain/usr/bin/ld'
LDFLAGS='-L/opt/local/lib '
LIBOBJS=''
LIBS='-ltiff '
LIBTOOL='$(SHELL) $(top_builddir)/libtool'
LIPO='lipo'
LN_S='ln -s'
LTLIBOBJS=''
MAKEINFO='${SHELL} /Users/stark/dev/qsiapi-7.2.0/build-aux/missing --run makeinfo'
MANIFEST_TOOL=':'
MKDIR_P='/usr/local/bin/gmkdir -p'
NM='/usr/bin/nm -B'
NMEDIT='nmedit'
OBJDUMP='objdump'
OBJEXT='o'
OTOOL64=':'
OTOOL='otool'
PACKAGE='qsiapi'
PACKAGE_BUGREPORT='support@qsimaging.com'
PACKAGE_NAME='qsiapi'
PACKAGE_STRING='qsiapi 7.2.0'
PACKAGE_TARNAME='qsiapi'
PACKAGE_URL='www.qsimaging.com'
PACKAGE_VERSION='7.2.0'
PATH_SEPARATOR=':'
RANLIB='ranlib'
SED='/usr/bin/sed'
SET_MAKE=''
SHELL='/bin/sh'
STRIP='strip'
VERSION='7.2.0'
ac_ct_AR='ar'
ac_ct_CC='gcc'
ac_ct_CXX='g++'
ac_ct_DUMPBIN=''
am__EXEEXT_FALSE=''
am__EXEEXT_TRUE='#'
am__fastdepCC_FALSE='#'
am__fastdepCC_TRUE=''
am__fastdepCXX_FALSE='#'
am__fastdepCXX_TRUE=''
am__include='include'
am__isrc=''
am__leading_dot='.'
am__nodep='_no'
am__quote=''
am__tar='$${TAR-tar} chof - "$$tardir"'
am__untar='$${TAR-tar} xf -'
bindir='${exec_prefix}/bin'
build='x86_64-apple-darwin18.6.0'
build_alias=''
build_cpu='x86_64'
build_os='darwin18.6.0'
build_vendor='apple'
datadir='${datarootdir}'
datarootdir='${prefix}/share'
docdir='${datarootdir}/doc/${PACKAGE_TARNAME}'
dvidir='${docdir}'
exec_prefix='${prefix}'
host='x86_64-apple-darwin18.6.0'
host_alias=''
host_cpu='x86_64'
host_os='darwin18.6.0'
host_vendor='apple'
htmldir='${docdir}'
includedir='${prefix}/include'
infodir='${datarootdir}/info'
install_sh='${SHELL} /Users/stark/dev/qsiapi-7.2.0/build-aux/install-sh'
libdir='${exec_prefix}/lib'
libexecdir='${exec_prefix}/libexec'
localedir='${datarootdir}/locale'
localstatedir='${prefix}/var'
mandir='${datarootdir}/man'
mkdir_p='/usr/local/bin/gmkdir -p'
oldincludedir='/usr/include'
pdfdir='${docdir}'
prefix='/usr/local'
program_transform_name='s,x,x,'
psdir='${docdir}'
sbindir='${exec_prefix}/sbin'
sharedstatedir='${prefix}/com'
sysconfdir='${prefix}/etc'
target_alias=''

## ----------- ##
## confdefs.h. ##
## ----------- ##

/* confdefs.h */
#define PACKAGE_NAME "qsiapi"
#define PACKAGE_TARNAME "qsiapi"
#define PACKAGE_VERSION "7.2.0"
#define PACKAGE_STRING "qsiapi 7.2.0"
#define PACKAGE_BUGREPORT "support@qsimaging.com"
#define PACKAGE_URL "www.qsimaging.com"
#define PACKAGE "qsiapi"
#define VERSION "7.2.0"
#define STDC_HEADERS 1
#define HAVE_SYS_TYPES_H 1
#define HAVE_SYS_STAT_H 1
#define HAVE_STDLIB_H 1
#define HAVE_STRING_H 1
#define HAVE_MEMORY_H 1
#define HAVE_STRINGS_H 1
#define HAVE_INTTYPES_H 1
#define HAVE_STDINT_H 1
#define HAVE_UNISTD_H 1
#define HAVE_TIFF_H 1
#define HAVE_TIFFIO_H 1
#define HAVE_LIBTIFF 1
#define HAVE_DLFCN_H 1
#define LT_OBJDIR ".libs/"

configure: exit 0
